\BOOKMARK [1][]{section.1}{\376\377\000I\000n\000t\000r\000o\000d\000u\000c\000t\000i\000o\000n}{}% 1
\BOOKMARK [1][]{section.2}{\376\377\000N\000o\000t\000a\000t\000i\000o\000n\000\040\000\046\000\040\000B\000a\000c\000k\000g\000r\000o\000u\000n\000d}{}% 2
\BOOKMARK [2][]{subsection.2.1}{\376\377\000T\000e\000c\000h\000n\000i\000c\000a\000l\000\040\000b\000a\000c\000k\000g\000r\000o\000u\000n\000d}{section.2}% 3
\BOOKMARK [2][]{subsection.2.2}{\376\377\000S\000p\000e\000c\000t\000r\000a\000l\000\040\000r\000e\000l\000a\000x\000a\000t\000i\000o\000n\000\040\000a\000n\000d\000\040\000i\000t\000s\000\040\000i\000m\000p\000l\000i\000c\000a\000t\000i\000o\000n\000s}{section.2}% 4
\BOOKMARK [3][]{subsubsection.2.2.1}{\376\377\000P\000a\000r\000a\000m\000e\000t\000e\000r\000i\000z\000e\000d\000\040\000b\000o\000u\000n\000d\000a\000r\000y\000\040\000o\000p\000e\000r\000a\000t\000o\000r\000s}{subsection.2.2}% 5
\BOOKMARK [2][]{subsection.2.3}{\376\377\000P\000a\000r\000a\000m\000e\000t\000e\000r\000i\000z\000e\000d\000\040\000L\000a\000p\000l\000a\000c\000i\000a\000n\000s}{section.2}% 6
\BOOKMARK [1][]{section.3}{\376\377\000S\000p\000e\000c\000t\000r\000a\000l\000\040\000r\000a\000n\000k\000\040\000r\000e\000l\000a\000x\000a\000t\000i\000o\000n}{}% 7
\BOOKMARK [1][]{section.4}{\376\377\000C\000o\000m\000p\000u\000t\000a\000t\000i\000o\000n\000a\000l\000\040\000I\000m\000p\000l\000i\000c\000a\000t\000i\000o\000n\000s}{}% 8
\BOOKMARK [2][]{subsection.4.1}{\376\377\000E\000x\000a\000c\000t\000\040\000c\000o\000m\000p\000u\000t\000a\000t\000i\000o\000n}{section.4}% 9
\BOOKMARK [2][]{subsection.4.2}{\376\377\000R\000a\000n\000d\000o\000m\000i\000z\000e\000d\000\040\000.\000\040\000\050\000,\000\051\000\040\000.\000-\000a\000p\000p\000r\000o\000x\000i\000m\000a\000t\000i\000o\000n}{section.4}% 10
\BOOKMARK [2][]{subsection.4.3}{\376\377\000A\000p\000p\000a\000r\000e\000n\000t\000\040\000p\000a\000i\000r\000s\000\040\000o\000p\000t\000i\000m\000i\000z\000a\000t\000i\000o\000n}{section.4}% 11
\BOOKMARK [1][]{section.5}{\376\377\000A\000p\000p\000l\000i\000c\000a\000t\000i\000o\000n\000s\000\040\000\046\000\040\000E\000x\000p\000e\000r\000i\000m\000e\000n\000t\000s}{}% 12
\BOOKMARK [2][]{subsection.5.1}{\376\377\000F\000i\000l\000t\000r\000a\000t\000i\000o\000n\000\040\000o\000p\000t\000i\000m\000i\000z\000a\000t\000i\000o\000n}{section.5}% 13
\BOOKMARK [2][]{subsection.5.2}{\376\377\000T\000o\000p\000o\000l\000o\000g\000y\000-\000g\000u\000i\000d\000e\000d\000\040\000s\000i\000m\000p\000l\000i\000f\000i\000c\000a\000t\000i\000o\000n}{section.5}% 14
\BOOKMARK [2][]{subsection.5.3}{\376\377\000T\000o\000p\000o\000l\000o\000g\000i\000c\000a\000l\000\040\000t\000i\000m\000e\000\040\000s\000e\000r\000i\000e\000s\000\040\000a\000n\000a\000l\000y\000s\000i\000s}{section.5}% 15
\BOOKMARK [2][]{subsection.5.4}{\376\377\000L\000o\000w\000\040\000m\000e\000m\000o\000r\000y\000\040\000p\000e\000r\000s\000i\000s\000t\000e\000n\000c\000e\000\040\000c\000o\000m\000p\000u\000t\000a\000t\000i\000o\000n\000s}{section.5}% 16
\BOOKMARK [2][]{subsection.5.5}{\376\377\000S\000h\000a\000p\000e\000\040\000c\000o\000m\000p\000a\000r\000i\000s\000o\000n\000\040\000v\000i\000a\000\040\000f\000e\000a\000t\000u\000r\000i\000z\000a\000t\000i\000o\000n}{section.5}% 17
\BOOKMARK [1][]{section.6}{\376\377\000C\000o\000n\000c\000l\000u\000d\000i\000n\000g\000\040\000R\000e\000m\000a\000r\000k\000s\000\040\000a\000n\000d\000\040\000L\000i\000m\000i\000t\000a\000t\000i\000o\000n\000s}{}% 18
\BOOKMARK [2][]{subsection.6.1}{\376\377\000L\000i\000m\000i\000t\000a\000t\000i\000o\000n\000s}{section.6}% 19
\BOOKMARK [3][]{section*.3}{\376\377\000S\000u\000p\000p\000l\000e\000m\000e\000n\000t\000a\000r\000y\000\040\000i\000n\000f\000o\000r\000m\000a\000t\000i\000o\000n}{subsection.6.1}% 20
\BOOKMARK [4][]{section*.4}{\376\377\000A\000c\000k\000n\000o\000w\000l\000e\000d\000g\000e\000m\000e\000n\000t\000s}{section*.3}% 21
\BOOKMARK [1][]{appendix.a.A}{}{}% 22
\BOOKMARK [2][]{subsection.a.A.1}{\376\377\000P\000r\000o\000o\000f\000s}{appendix.a.A}% 23
\BOOKMARK [2][]{subsection.a.A.2}{\376\377\000C\000o\000m\000b\000i\000n\000a\000t\000o\000r\000i\000a\000l\000\040\000L\000a\000p\000l\000a\000c\000i\000a\000n\000s}{appendix.a.A}% 24
\BOOKMARK [2][]{subsection.a.A.3}{\376\377\000L\000a\000p\000l\000a\000c\000i\000a\000n\000\040\000m\000a\000t\000v\000e\000c}{appendix.a.A}% 25
\BOOKMARK [2][]{subsection.a.A.4}{\376\377\000C\000h\000o\000o\000s\000i\000n\000g\000\040\000a\000\040\000w\000e\000i\000g\000h\000t\000\040\000f\000u\000n\000c\000t\000i\000o\000n\000\040}{appendix.a.A}% 26
